<?xml version="1.0" encoding="UTF-8"?>
<!-- Generated by org.testng.reporters.JUnitXMLReporter -->
<testsuite hostname="Riyaans-MacBook-Air.local" ignored="0" name="Pixel_4_sauce_lab_app_tests" tests="3" failures="0" timestamp="2022-03-25T09:40:51 IST" time="12.644" errors="0">
  <testcase name="invalidPassord" time="4.055" classname="com.qa.tests.LoginTests"/>
  <testcase name="invalidUserName" time="2.684" classname="com.qa.tests.LoginTests"/>
  <testcase name="validUser" time="4.686" classname="com.qa.tests.LoginTests"/>
</testsuite> <!-- Pixel_4_sauce_lab_app_tests -->
