<?xml version="1.0" encoding="UTF-8"?>
<!-- Generated by org.testng.reporters.JUnitXMLReporter -->
<testsuite hostname="Riyaans-MacBook-Air.local" ignored="0" name="Default test" tests="3" failures="0" timestamp="2022-03-25T09:29:53 IST" time="15.366" errors="0">
  <testcase name="invalidPassord" time="5.605" classname="com.qa.tests.LoginTests"/>
  <testcase name="invalidUserName" time="3.896" classname="com.qa.tests.LoginTests"/>
  <testcase name="validUser" time="4.6" classname="com.qa.tests.LoginTests"/>
</testsuite> <!-- Default test -->
